<?xml version="1.0" encoding="UTF-8"?>
<robot generator="Robot 7.2 (Python 3.11.9 on win32)" generated="2025-02-03T08:53:02.612926" rpa="false" schemaversion="5">
<suite id="s1" name="Saucedemo" source="c:\Users\Admin\.git\saucedemo_robot\tests\saucedemo.robot">
<test id="s1-t1" name="Valid Login Test" line="17">
<kw name="Open Login Page" owner="login" type="SETUP">
<kw name="Open Browser" owner="SeleniumLibrary">
<msg time="2025-02-03T08:53:03.095348" level="INFO">Opening browser 'chrome' to base url 'https://www.saucedemo.com/v1/index.html'.</msg>
<arg>${LOGIN_URL}</arg>
<arg>browser=chrome</arg>
<doc>Opens a new browser instance to the optional ``url``.</doc>
<status status="PASS" start="2025-02-03T08:53:03.095348" elapsed="2.662860"/>
</kw>
<kw name="Maximize Browser Window" owner="SeleniumLibrary">
<doc>Maximizes current browser window.</doc>
<status status="PASS" start="2025-02-03T08:53:05.759209" elapsed="0.035618"/>
</kw>
<status status="PASS" start="2025-02-03T08:53:03.094340" elapsed="2.700487"/>
</kw>
<kw name="Login With Credentials" owner="login">
<kw name="Enter Username" owner="login">
<kw name="Input Text" owner="SeleniumLibrary">
<msg time="2025-02-03T08:53:05.798826" level="INFO">Typing text 'standard_user' into text field 'id:user-name'.</msg>
<arg>${USERNAME_INPUT}</arg>
<arg>${username}</arg>
<doc>Types the given ``text`` into the text field identified by ``locator``.</doc>
<status status="PASS" start="2025-02-03T08:53:05.797828" elapsed="0.248953"/>
</kw>
<arg>${username}</arg>
<status status="PASS" start="2025-02-03T08:53:05.796830" elapsed="0.250955"/>
</kw>
<kw name="Enter Password" owner="login">
<kw name="Input Text" owner="SeleniumLibrary">
<msg time="2025-02-03T08:53:06.049778" level="INFO">Typing text 'secret_sauce' into text field 'id:password'.</msg>
<arg>${PASSWORD_INPUT}</arg>
<arg>${password}</arg>
<doc>Types the given ``text`` into the text field identified by ``locator``.</doc>
<status status="PASS" start="2025-02-03T08:53:06.048779" elapsed="0.198239"/>
</kw>
<arg>${password}</arg>
<status status="PASS" start="2025-02-03T08:53:06.047785" elapsed="0.199233"/>
</kw>
<kw name="Click Login Button" owner="login">
<kw name="Click Element" owner="SeleniumLibrary">
<msg time="2025-02-03T08:53:06.249019" level="INFO">Clicking element 'id:login-button'.</msg>
<arg>${LOGIN_BUTTON}</arg>
<doc>Click the element identified by ``locator``.</doc>
<status status="PASS" start="2025-02-03T08:53:06.249019" elapsed="0.443038"/>
</kw>
<status status="PASS" start="2025-02-03T08:53:06.248018" elapsed="0.444039"/>
</kw>
<arg>${USERNAME}</arg>
<arg>${PASSWORD}</arg>
<status status="PASS" start="2025-02-03T08:53:05.795826" elapsed="0.896231"/>
</kw>
<kw name="Close Browser" owner="SeleniumLibrary" type="TEARDOWN">
<doc>Closes the current browser.</doc>
<status status="PASS" start="2025-02-03T08:53:06.693055" elapsed="2.236917"/>
</kw>
<doc>This test case validates a successful login</doc>
<tag>smoke</tag>
<status status="PASS" start="2025-02-03T08:53:03.093343" elapsed="5.837640"/>
</test>
<status status="PASS" start="2025-02-03T08:53:02.627935" elapsed="6.305045"/>
</suite>
<statistics>
<total>
<stat pass="1" fail="0" skip="0">All Tests</stat>
</total>
<tag>
<stat pass="1" fail="0" skip="0">smoke</stat>
</tag>
<suite>
<stat name="Saucedemo" id="s1" pass="1" fail="0" skip="0">Saucedemo</stat>
</suite>
</statistics>
<errors>
</errors>
</robot>
